2015-03-13 11:35:35.169 Pillbox[66772:12894560] DiskCookieStorage changing policy from 2 to 0, cookie file: file:///Users/Hanhong/Library/Developer/CoreSimulator/Devices/4EA35F96-1BF3-47D2-BD3A-04E7486609EF/data/Containers/Data/Application/735702EC-BAA3-4B72-84B2-C00F0A903556/Library/Cookies/Cookies.binarycookies
2015-03-13 11:35:35.279 Pillbox[66772:12894560] Apache Cordova native platform version 3.8.0 is starting.
2015-03-13 11:35:35.279 Pillbox[66772:12894560] Multi-tasking -> Device: YES, App: YES
2015-03-13 11:35:35.281 Pillbox[66772:12894560] Unlimited access to network resources
2015-03-13 11:35:35.681 Pillbox[66772:12894560] Resetting plugins due to page load.
2015-03-13 11:35:35.850 Pillbox[66772:12894560] Finished load of: file:///Users/Hanhong/Library/Developer/CoreSimulator/Devices/4EA35F96-1BF3-47D2-BD3A-04E7486609EF/data/Containers/Bundle/Application/8C13B984-D7E4-4E20-B538-D2FAE01D419B/Pillbox.app/www/index.html#/tab/categories
2015-03-13 11:37:24.934 Pillbox[67637:12897008] DiskCookieStorage changing policy from 2 to 0, cookie file: file:///Users/Hanhong/Library/Developer/CoreSimulator/Devices/4EA35F96-1BF3-47D2-BD3A-04E7486609EF/data/Containers/Data/Application/8A08722A-3B7D-4EAD-9E0A-504B3CBD10EB/Library/Cookies/Cookies.binarycookies
2015-03-13 11:37:25.015 Pillbox[67637:12897008] Apache Cordova native platform version 3.8.0 is starting.
2015-03-13 11:37:25.016 Pillbox[67637:12897008] Multi-tasking -> Device: YES, App: YES
2015-03-13 11:37:25.017 Pillbox[67637:12897008] Unlimited access to network resources
2015-03-13 11:37:25.312 Pillbox[67637:12897008] Resetting plugins due to page load.
2015-03-13 11:37:25.511 Pillbox[67637:12897008] Finished load of: file:///Users/Hanhong/Library/Developer/CoreSimulator/Devices/4EA35F96-1BF3-47D2-BD3A-04E7486609EF/data/Containers/Bundle/Application/F758D6FD-6FAD-43DA-B69C-EBC0DCAEFB2E/Pillbox.app/www/index.html#/tab/categories
2015-03-13 11:48:39.409 Pillbox[67899:12901399] DiskCookieStorage changing policy from 2 to 0, cookie file: file:///Users/Hanhong/Library/Developer/CoreSimulator/Devices/4EA35F96-1BF3-47D2-BD3A-04E7486609EF/data/Containers/Data/Application/3A94F413-3930-4F18-8F74-C6B3794C13DD/Library/Cookies/Cookies.binarycookies
2015-03-13 11:48:39.493 Pillbox[67899:12901399] Apache Cordova native platform version 3.8.0 is starting.
2015-03-13 11:48:39.493 Pillbox[67899:12901399] Multi-tasking -> Device: YES, App: YES
2015-03-13 11:48:39.495 Pillbox[67899:12901399] Unlimited access to network resources
2015-03-13 11:48:39.830 Pillbox[67899:12901399] Resetting plugins due to page load.
2015-03-13 11:48:40.021 Pillbox[67899:12901399] Finished load of: file:///Users/Hanhong/Library/Developer/CoreSimulator/Devices/4EA35F96-1BF3-47D2-BD3A-04E7486609EF/data/Containers/Bundle/Application/70B774BA-F1E1-428A-9966-01825B6DCB8C/Pillbox.app/www/index.html#/tab/categories
2015-03-13 11:50:17.648 Pillbox[68113:12902534] DiskCookieStorage changing policy from 2 to 0, cookie file: file:///Users/Hanhong/Library/Developer/CoreSimulator/Devices/4EA35F96-1BF3-47D2-BD3A-04E7486609EF/data/Containers/Data/Application/6051E764-4F48-4248-9B73-7E8DD1F2FEB3/Library/Cookies/Cookies.binarycookies
2015-03-13 11:50:17.733 Pillbox[68113:12902534] Apache Cordova native platform version 3.8.0 is starting.
2015-03-13 11:50:17.733 Pillbox[68113:12902534] Multi-tasking -> Device: YES, App: YES
2015-03-13 11:50:17.735 Pillbox[68113:12902534] Unlimited access to network resources
2015-03-13 11:50:18.085 Pillbox[68113:12902534] Resetting plugins due to page load.
2015-03-13 11:50:18.338 Pillbox[68113:12902534] Finished load of: file:///Users/Hanhong/Library/Developer/CoreSimulator/Devices/4EA35F96-1BF3-47D2-BD3A-04E7486609EF/data/Containers/Bundle/Application/A26C18C3-CA42-4E82-873A-03FA06492870/Pillbox.app/www/index.html#/tab/categories
2015-03-13 11:53:12.177 Pillbox[68328:12904002] DiskCookieStorage changing policy from 2 to 0, cookie file: file:///Users/Hanhong/Library/Developer/CoreSimulator/Devices/4EA35F96-1BF3-47D2-BD3A-04E7486609EF/data/Containers/Data/Application/B716CB07-51F2-498C-85C9-55D386103D5B/Library/Cookies/Cookies.binarycookies
2015-03-13 11:53:12.265 Pillbox[68328:12904002] Apache Cordova native platform version 3.8.0 is starting.
2015-03-13 11:53:12.265 Pillbox[68328:12904002] Multi-tasking -> Device: YES, App: YES
2015-03-13 11:53:12.267 Pillbox[68328:12904002] Unlimited access to network resources
2015-03-13 11:53:12.583 Pillbox[68328:12904002] Resetting plugins due to page load.
2015-03-13 11:53:12.752 Pillbox[68328:12904002] Finished load of: file:///Users/Hanhong/Library/Developer/CoreSimulator/Devices/4EA35F96-1BF3-47D2-BD3A-04E7486609EF/data/Containers/Bundle/Application/933A4956-15B5-48EA-820E-E21B6ED0C7A9/Pillbox.app/www/index.html#/tab/categories
2015-03-13 11:53:46.738 Pillbox[68531:12904592] DiskCookieStorage changing policy from 2 to 0, cookie file: file:///Users/Hanhong/Library/Developer/CoreSimulator/Devices/4EA35F96-1BF3-47D2-BD3A-04E7486609EF/data/Containers/Data/Application/9668F959-78D8-46C6-B450-4FA8E65E9B60/Library/Cookies/Cookies.binarycookies
2015-03-13 11:53:46.858 Pillbox[68531:12904592] Apache Cordova native platform version 3.8.0 is starting.
2015-03-13 11:53:46.858 Pillbox[68531:12904592] Multi-tasking -> Device: YES, App: YES
2015-03-13 11:53:46.860 Pillbox[68531:12904592] Unlimited access to network resources
2015-03-13 11:53:47.227 Pillbox[68531:12904592] Resetting plugins due to page load.
2015-03-13 11:53:47.420 Pillbox[68531:12904592] Finished load of: file:///Users/Hanhong/Library/Developer/CoreSimulator/Devices/4EA35F96-1BF3-47D2-BD3A-04E7486609EF/data/Containers/Bundle/Application/37711193-7324-4193-96F5-E9E59A1CE292/Pillbox.app/www/index.html#/tab/categories
2015-03-13 11:54:40.451 Pillbox[68733:12905300] DiskCookieStorage changing policy from 2 to 0, cookie file: file:///Users/Hanhong/Library/Developer/CoreSimulator/Devices/4EA35F96-1BF3-47D2-BD3A-04E7486609EF/data/Containers/Data/Application/39562632-4591-459E-AA84-B2B4B10DF3E5/Library/Cookies/Cookies.binarycookies
2015-03-13 11:54:40.573 Pillbox[68733:12905300] Apache Cordova native platform version 3.8.0 is starting.
2015-03-13 11:54:40.574 Pillbox[68733:12905300] Multi-tasking -> Device: YES, App: YES
2015-03-13 11:54:40.575 Pillbox[68733:12905300] Unlimited access to network resources
2015-03-13 11:54:40.905 Pillbox[68733:12905300] Resetting plugins due to page load.
2015-03-13 11:54:41.079 Pillbox[68733:12905300] Finished load of: file:///Users/Hanhong/Library/Developer/CoreSimulator/Devices/4EA35F96-1BF3-47D2-BD3A-04E7486609EF/data/Containers/Bundle/Application/A4AAF765-A396-42F6-B6D4-FFF0BC137934/Pillbox.app/www/index.html#/tab/categories
2015-03-13 11:55:17.623 Pillbox[68935:12905959] DiskCookieStorage changing policy from 2 to 0, cookie file: file:///Users/Hanhong/Library/Developer/CoreSimulator/Devices/4EA35F96-1BF3-47D2-BD3A-04E7486609EF/data/Containers/Data/Application/695909A6-EB38-4FE6-8D4D-4D0B024EC82E/Library/Cookies/Cookies.binarycookies
2015-03-13 11:55:17.728 Pillbox[68935:12905959] Apache Cordova native platform version 3.8.0 is starting.
2015-03-13 11:55:17.729 Pillbox[68935:12905959] Multi-tasking -> Device: YES, App: YES
2015-03-13 11:55:17.730 Pillbox[68935:12905959] Unlimited access to network resources
2015-03-13 11:55:18.024 Pillbox[68935:12905959] Resetting plugins due to page load.
2015-03-13 11:55:18.200 Pillbox[68935:12905959] Finished load of: file:///Users/Hanhong/Library/Developer/CoreSimulator/Devices/4EA35F96-1BF3-47D2-BD3A-04E7486609EF/data/Containers/Bundle/Application/2FE34F0B-445B-4A32-935C-6D3D92EA530B/Pillbox.app/www/index.html#/tab/categories
2015-03-13 11:56:27.534 Pillbox[69157:12906942] DiskCookieStorage changing policy from 2 to 0, cookie file: file:///Users/Hanhong/Library/Developer/CoreSimulator/Devices/4EA35F96-1BF3-47D2-BD3A-04E7486609EF/data/Containers/Data/Application/DEEEA902-A54D-4118-A3D3-72D8E03FE545/Library/Cookies/Cookies.binarycookies
2015-03-13 11:56:27.655 Pillbox[69157:12906942] Apache Cordova native platform version 3.8.0 is starting.
2015-03-13 11:56:27.656 Pillbox[69157:12906942] Multi-tasking -> Device: YES, App: YES
2015-03-13 11:56:27.657 Pillbox[69157:12906942] Unlimited access to network resources
2015-03-13 11:56:28.027 Pillbox[69157:12906942] Resetting plugins due to page load.
2015-03-13 11:56:28.216 Pillbox[69157:12906942] Finished load of: file:///Users/Hanhong/Library/Developer/CoreSimulator/Devices/4EA35F96-1BF3-47D2-BD3A-04E7486609EF/data/Containers/Bundle/Application/2892A880-C51F-4296-8A53-C0EE5873AF78/Pillbox.app/www/index.html#/tab/categories
2015-03-13 11:58:32.300 Pillbox[69376:12908221] DiskCookieStorage changing policy from 2 to 0, cookie file: file:///Users/Hanhong/Library/Developer/CoreSimulator/Devices/4EA35F96-1BF3-47D2-BD3A-04E7486609EF/data/Containers/Data/Application/79170D06-46F1-4F33-94FD-2141E40C1810/Library/Cookies/Cookies.binarycookies
2015-03-13 11:58:32.407 Pillbox[69376:12908221] Apache Cordova native platform version 3.8.0 is starting.
2015-03-13 11:58:32.407 Pillbox[69376:12908221] Multi-tasking -> Device: YES, App: YES
2015-03-13 11:58:32.408 Pillbox[69376:12908221] Unlimited access to network resources
2015-03-13 11:58:32.758 Pillbox[69376:12908221] Resetting plugins due to page load.
2015-03-13 11:58:32.962 Pillbox[69376:12908221] Finished load of: file:///Users/Hanhong/Library/Developer/CoreSimulator/Devices/4EA35F96-1BF3-47D2-BD3A-04E7486609EF/data/Containers/Bundle/Application/490CDCAC-4DEA-473D-A1CA-B3E6D5A3991D/Pillbox.app/www/index.html#/tab/categories
2015-03-13 12:01:51.521 Pillbox[69617:12909917] DiskCookieStorage changing policy from 2 to 0, cookie file: file:///Users/Hanhong/Library/Developer/CoreSimulator/Devices/4EA35F96-1BF3-47D2-BD3A-04E7486609EF/data/Containers/Data/Application/29F3BB1A-BFE7-4EC8-8643-C1662B934674/Library/Cookies/Cookies.binarycookies
2015-03-13 12:01:51.659 Pillbox[69617:12909917] Apache Cordova native platform version 3.8.0 is starting.
2015-03-13 12:01:51.659 Pillbox[69617:12909917] Multi-tasking -> Device: YES, App: YES
2015-03-13 12:01:51.661 Pillbox[69617:12909917] Unlimited access to network resources
2015-03-13 12:01:51.971 Pillbox[69617:12909917] Resetting plugins due to page load.
2015-03-13 12:01:52.129 Pillbox[69617:12909917] Finished load of: file:///Users/Hanhong/Library/Developer/CoreSimulator/Devices/4EA35F96-1BF3-47D2-BD3A-04E7486609EF/data/Containers/Bundle/Application/0E6AD720-9FD8-4ED8-BD42-A2387114248E/Pillbox.app/www/index.html#/tab/categories
2015-03-13 12:04:49.429 Pillbox[69832:12911460] DiskCookieStorage changing policy from 2 to 0, cookie file: file:///Users/Hanhong/Library/Developer/CoreSimulator/Devices/4EA35F96-1BF3-47D2-BD3A-04E7486609EF/data/Containers/Data/Application/E7D8560A-83EF-4FF4-8CA3-ACFA26BD93C4/Library/Cookies/Cookies.binarycookies
2015-03-13 12:04:49.534 Pillbox[69832:12911460] Apache Cordova native platform version 3.8.0 is starting.
2015-03-13 12:04:49.534 Pillbox[69832:12911460] Multi-tasking -> Device: YES, App: YES
2015-03-13 12:04:49.536 Pillbox[69832:12911460] Unlimited access to network resources
2015-03-13 12:04:49.890 Pillbox[69832:12911460] Resetting plugins due to page load.
2015-03-13 12:04:50.109 Pillbox[69832:12911460] Finished load of: file:///Users/Hanhong/Library/Developer/CoreSimulator/Devices/4EA35F96-1BF3-47D2-BD3A-04E7486609EF/data/Containers/Bundle/Application/B0A874E7-AD03-42DA-A29A-8A17CD71EAB2/Pillbox.app/www/index.html#/tab/categories
2015-03-13 12:05:43.251 Pillbox[70040:12912183] DiskCookieStorage changing policy from 2 to 0, cookie file: file:///Users/Hanhong/Library/Developer/CoreSimulator/Devices/4EA35F96-1BF3-47D2-BD3A-04E7486609EF/data/Containers/Data/Application/6A59F24B-6E2F-4F5E-A640-2887AB24BC0F/Library/Cookies/Cookies.binarycookies
2015-03-13 12:05:43.365 Pillbox[70040:12912183] Apache Cordova native platform version 3.8.0 is starting.
2015-03-13 12:05:43.365 Pillbox[70040:12912183] Multi-tasking -> Device: YES, App: YES
2015-03-13 12:05:43.367 Pillbox[70040:12912183] Unlimited access to network resources
2015-03-13 12:05:43.781 Pillbox[70040:12912183] Resetting plugins due to page load.
2015-03-13 12:05:44.053 Pillbox[70040:12912183] Finished load of: file:///Users/Hanhong/Library/Developer/CoreSimulator/Devices/4EA35F96-1BF3-47D2-BD3A-04E7486609EF/data/Containers/Bundle/Application/88FFB560-2944-442D-9A04-08095D8D9F87/Pillbox.app/www/index.html#/tab/categories
2015-03-13 12:14:12.339 Pillbox[70282:12915553] DiskCookieStorage changing policy from 2 to 0, cookie file: file:///Users/Hanhong/Library/Developer/CoreSimulator/Devices/4EA35F96-1BF3-47D2-BD3A-04E7486609EF/data/Containers/Data/Application/AE3FA217-8EE2-4A8B-9ED4-15D6470E51E1/Library/Cookies/Cookies.binarycookies
2015-03-13 12:14:12.428 Pillbox[70282:12915553] Apache Cordova native platform version 3.8.0 is starting.
2015-03-13 12:14:12.429 Pillbox[70282:12915553] Multi-tasking -> Device: YES, App: YES
2015-03-13 12:14:12.430 Pillbox[70282:12915553] Unlimited access to network resources
2015-03-13 12:14:12.817 Pillbox[70282:12915553] Resetting plugins due to page load.
2015-03-13 12:14:13.082 Pillbox[70282:12915553] Finished load of: file:///Users/Hanhong/Library/Developer/CoreSimulator/Devices/4EA35F96-1BF3-47D2-BD3A-04E7486609EF/data/Containers/Bundle/Application/2EB6D96E-EB12-4FF4-83BF-CA6675B38D73/Pillbox.app/www/index.html#/tab/categories
2015-03-13 12:14:59.279 Pillbox[70282:12915553] Can't find keyplane that supports type 5 for keyboard iPhone-PortraitChoco-PhonePad; using 2470951658_PortraitChoco_iPhone-Complex-Pad_Default
2015-03-13 12:16:13.115 Pillbox[70495:12916742] DiskCookieStorage changing policy from 2 to 0, cookie file: file:///Users/Hanhong/Library/Developer/CoreSimulator/Devices/4EA35F96-1BF3-47D2-BD3A-04E7486609EF/data/Containers/Data/Application/393B6F46-ACA1-465A-A4CD-2620AC0F35E0/Library/Cookies/Cookies.binarycookies
2015-03-13 12:16:13.208 Pillbox[70495:12916742] Apache Cordova native platform version 3.8.0 is starting.
2015-03-13 12:16:13.208 Pillbox[70495:12916742] Multi-tasking -> Device: YES, App: YES
2015-03-13 12:16:13.209 Pillbox[70495:12916742] Unlimited access to network resources
2015-03-13 12:16:13.592 Pillbox[70495:12916742] Resetting plugins due to page load.
2015-03-13 12:16:13.852 Pillbox[70495:12916742] Finished load of: file:///Users/Hanhong/Library/Developer/CoreSimulator/Devices/4EA35F96-1BF3-47D2-BD3A-04E7486609EF/data/Containers/Bundle/Application/F17D8A46-F3D9-42DD-A8FE-22A4E8783406/Pillbox.app/www/index.html#/tab/categories
2015-03-13 12:17:08.969 Pillbox[70700:12917451] DiskCookieStorage changing policy from 2 to 0, cookie file: file:///Users/Hanhong/Library/Developer/CoreSimulator/Devices/4EA35F96-1BF3-47D2-BD3A-04E7486609EF/data/Containers/Data/Application/8EC6BC30-2D25-45CC-9301-EFDEEF5C8908/Library/Cookies/Cookies.binarycookies
2015-03-13 12:17:09.049 Pillbox[70700:12917451] Apache Cordova native platform version 3.8.0 is starting.
2015-03-13 12:17:09.049 Pillbox[70700:12917451] Multi-tasking -> Device: YES, App: YES
2015-03-13 12:17:09.050 Pillbox[70700:12917451] Unlimited access to network resources
2015-03-13 12:17:09.363 Pillbox[70700:12917451] Resetting plugins due to page load.
2015-03-13 12:17:09.563 Pillbox[70700:12917451] Finished load of: file:///Users/Hanhong/Library/Developer/CoreSimulator/Devices/4EA35F96-1BF3-47D2-BD3A-04E7486609EF/data/Containers/Bundle/Application/5AADB57A-79F7-4A87-8425-965C5E5FC1D8/Pillbox.app/www/index.html#/tab/categories
2015-03-13 12:17:54.862 Pillbox[70903:12918133] DiskCookieStorage changing policy from 2 to 0, cookie file: file:///Users/Hanhong/Library/Developer/CoreSimulator/Devices/4EA35F96-1BF3-47D2-BD3A-04E7486609EF/data/Containers/Data/Application/D7F502C0-2618-47B6-91CA-29B4D11E7739/Library/Cookies/Cookies.binarycookies
2015-03-13 12:17:54.951 Pillbox[70903:12918133] Apache Cordova native platform version 3.8.0 is starting.
2015-03-13 12:17:54.951 Pillbox[70903:12918133] Multi-tasking -> Device: YES, App: YES
2015-03-13 12:17:54.952 Pillbox[70903:12918133] Unlimited access to network resources
2015-03-13 12:17:55.253 Pillbox[70903:12918133] Resetting plugins due to page load.
2015-03-13 12:17:55.425 Pillbox[70903:12918133] Finished load of: file:///Users/Hanhong/Library/Developer/CoreSimulator/Devices/4EA35F96-1BF3-47D2-BD3A-04E7486609EF/data/Containers/Bundle/Application/6A043F27-5EF5-469E-9147-A17D59E86CBC/Pillbox.app/www/index.html#/tab/categories
2015-03-13 12:18:17.248 Pillbox[71106:12918699] DiskCookieStorage changing policy from 2 to 0, cookie file: file:///Users/Hanhong/Library/Developer/CoreSimulator/Devices/4EA35F96-1BF3-47D2-BD3A-04E7486609EF/data/Containers/Data/Application/14656993-EDD8-4BB6-9DA3-E98B8AF1A981/Library/Cookies/Cookies.binarycookies
2015-03-13 12:18:17.372 Pillbox[71106:12918699] Apache Cordova native platform version 3.8.0 is starting.
2015-03-13 12:18:17.373 Pillbox[71106:12918699] Multi-tasking -> Device: YES, App: YES
2015-03-13 12:18:17.374 Pillbox[71106:12918699] Unlimited access to network resources
2015-03-13 12:18:17.657 Pillbox[71106:12918699] Resetting plugins due to page load.
2015-03-13 12:18:17.827 Pillbox[71106:12918699] Finished load of: file:///Users/Hanhong/Library/Developer/CoreSimulator/Devices/4EA35F96-1BF3-47D2-BD3A-04E7486609EF/data/Containers/Bundle/Application/1004CE23-745B-45FF-A458-62FD6A19C93D/Pillbox.app/www/index.html#/tab/categories
2015-03-13 12:21:31.927 Pillbox[71327:12920323] DiskCookieStorage changing policy from 2 to 0, cookie file: file:///Users/Hanhong/Library/Developer/CoreSimulator/Devices/4EA35F96-1BF3-47D2-BD3A-04E7486609EF/data/Containers/Data/Application/CED1F999-3961-46E9-9F0F-BE0F7D8F2181/Library/Cookies/Cookies.binarycookies
2015-03-13 12:21:32.044 Pillbox[71327:12920323] Apache Cordova native platform version 3.8.0 is starting.
2015-03-13 12:21:32.044 Pillbox[71327:12920323] Multi-tasking -> Device: YES, App: YES
2015-03-13 12:21:32.045 Pillbox[71327:12920323] Unlimited access to network resources
2015-03-13 12:21:32.385 Pillbox[71327:12920323] Resetting plugins due to page load.
2015-03-13 12:21:32.561 Pillbox[71327:12920323] Finished load of: file:///Users/Hanhong/Library/Developer/CoreSimulator/Devices/4EA35F96-1BF3-47D2-BD3A-04E7486609EF/data/Containers/Bundle/Application/00789179-7902-493C-AEA1-6B485F13E608/Pillbox.app/www/index.html#/tab/categories
2015-03-13 12:50:32.493 Pillbox[71327:12920323] Can't find keyplane that supports type 5 for keyboard iPhone-PortraitChoco-PhonePad; using 2470951658_PortraitChoco_iPhone-Complex-Pad_Default
2015-03-13 13:49:07.149 Pillbox[71700:12947862] DiskCookieStorage changing policy from 2 to 0, cookie file: file:///Users/Hanhong/Library/Developer/CoreSimulator/Devices/4EA35F96-1BF3-47D2-BD3A-04E7486609EF/data/Containers/Data/Application/599923D3-811D-4D1B-8134-5532C919FF62/Library/Cookies/Cookies.binarycookies
2015-03-13 13:49:07.375 Pillbox[71700:12947862] Apache Cordova native platform version 3.8.0 is starting.
2015-03-13 13:49:07.376 Pillbox[71700:12947862] Multi-tasking -> Device: YES, App: YES
2015-03-13 13:49:07.398 Pillbox[71700:12947862] Unlimited access to network resources
2015-03-13 13:49:08.119 Pillbox[71700:12947862] Resetting plugins due to page load.
2015-03-13 13:49:08.429 Pillbox[71700:12947862] Finished load of: file:///Users/Hanhong/Library/Developer/CoreSimulator/Devices/4EA35F96-1BF3-47D2-BD3A-04E7486609EF/data/Containers/Bundle/Application/429BDB73-BF83-4FF0-ACCB-1A0643DE901B/Pillbox.app/www/index.html#/tab/categories
2015-03-13 13:50:33.172 Pillbox[71941:12949097] DiskCookieStorage changing policy from 2 to 0, cookie file: file:///Users/Hanhong/Library/Developer/CoreSimulator/Devices/4EA35F96-1BF3-47D2-BD3A-04E7486609EF/data/Containers/Data/Application/DEA61A6C-D9AE-489F-A3E8-83D6A06CCE20/Library/Cookies/Cookies.binarycookies
2015-03-13 13:50:33.263 Pillbox[71941:12949097] Apache Cordova native platform version 3.8.0 is starting.
2015-03-13 13:50:33.263 Pillbox[71941:12949097] Multi-tasking -> Device: YES, App: YES
2015-03-13 13:50:33.264 Pillbox[71941:12949097] Unlimited access to network resources
2015-03-13 13:50:33.566 Pillbox[71941:12949097] Resetting plugins due to page load.
2015-03-13 13:50:33.716 Pillbox[71941:12949097] Finished load of: file:///Users/Hanhong/Library/Developer/CoreSimulator/Devices/4EA35F96-1BF3-47D2-BD3A-04E7486609EF/data/Containers/Bundle/Application/60B20C6A-03C6-4ED8-99DE-209B55D1DF14/Pillbox.app/www/index.html#/tab/categories
2015-03-13 17:18:28.385 Pillbox[72613:12994336] DiskCookieStorage changing policy from 2 to 0, cookie file: file:///Users/Hanhong/Library/Developer/CoreSimulator/Devices/4EA35F96-1BF3-47D2-BD3A-04E7486609EF/data/Containers/Data/Application/B16E51BA-2AA3-4C1A-94B4-EB3181C1005A/Library/Cookies/Cookies.binarycookies
2015-03-13 17:18:28.760 Pillbox[72613:12994336] Apache Cordova native platform version 3.8.0 is starting.
2015-03-13 17:18:28.760 Pillbox[72613:12994336] Multi-tasking -> Device: YES, App: YES
2015-03-13 17:18:28.779 Pillbox[72613:12994336] Unlimited access to network resources
2015-03-13 17:18:29.734 Pillbox[72613:12994336] Resetting plugins due to page load.
2015-03-13 17:18:30.082 Pillbox[72613:12994336] Finished load of: file:///Users/Hanhong/Library/Developer/CoreSimulator/Devices/4EA35F96-1BF3-47D2-BD3A-04E7486609EF/data/Containers/Bundle/Application/D7856921-4A0E-4F6C-AE49-88FEEA632E65/Pillbox.app/www/index.html#/tab/categories
